Packages listing:

Package Identity : Microsoft-OneCore-ApplicationModel-Sync-Desktop-FOD-Package~31bf3856ad364e35~amd64~~10.0.22621.2861
State : Installed
Release Type : OnDemand Pack
Install Time : 12/4/2023 6:30 AM

Package Identity : Microsoft-OneCore-DirectX-Database-FOD-Package~31bf3856ad364e35~amd64~~10.0.22621.2861
State : Installed
Release Type : OnDemand Pack
Install Time : 12/4/2023 6:30 AM

Package Identity : Microsoft-Windows-Client-LanguagePack-Package~31bf3856ad364e35~amd64~en-US~10.0.22621.2861
State : Installed
Release Type : Language Pack
Install Time : 12/4/2023 6:30 AM

Package Identity : Microsoft-Windows-Ethernet-Client-Intel-E1i68x64-FOD-Package~31bf3856ad364e35~amd64~~10.0.22621.2861
State : Installed
Release Type : OnDemand Pack
Install Time : 12/4/2023 6:30 AM

Package Identity : Microsoft-Windows-Ethernet-Client-Intel-E2f68-FOD-Package~31bf3856ad364e35~amd64~~10.0.22621.2861
State : Installed
Release Type : OnDemand Pack
Install Time : 12/4/2023 6:30 AM

Package Identity : Microsoft-Windows-Ethernet-Client-Realtek-Rtcx21x64-FOD-Package~31bf3856ad364e35~amd64~~10.0.22621.2861
State : Installed
Release Type : OnDemand Pack
Install Time : 12/4/2023 6:30 AM

Package Identity : Microsoft-Windows-Ethernet-Client-Vmware-Vmxnet3-FOD-Package~31bf3856ad364e35~amd64~~10.0.22621.2861
State : Installed
Release Type : OnDemand Pack
Install Time : 12/4/2023 6:30 AM

Package Identity : Microsoft-Windows-FodMetadata-Package~31bf3856ad364e35~amd64~~10.0.22621.1
State : Installed
Release Type : Feature Pack
Install Time : 5/7/2022 7:30 AM

Package Identity : Microsoft-Windows-Foundation-Package~31bf3856ad364e35~amd64~~10.0.22621.1
State : Installed
Release Type : Foundation
Install Time : 5/7/2022 5:28 AM

Package Identity : Microsoft-Windows-Hello-Face-Package~31bf3856ad364e35~amd64~~10.0.22621.2861
State : Installed
Release Type : OnDemand Pack
Install Time : 12/4/2023 6:30 AM

Package Identity : Microsoft-Windows-InternetExplorer-Optional-Package~31bf3856ad364e35~amd64~en-US~11.0.22621.1
State : Installed
Release Type : OnDemand Pack
Install Time : 5/7/2022 7:38 AM

Package Identity : Microsoft-Windows-InternetExplorer-Optional-Package~31bf3856ad364e35~amd64~~11.0.22621.2861
State : Installed
Release Type : OnDemand Pack
Install Time : 12/4/2023 6:30 AM

Package Identity : Microsoft-Windows-Kernel-LA57-FoD-Package~31bf3856ad364e35~amd64~~10.0.22621.2861
State : Installed
Release Type : OnDemand Pack
Install Time : 12/4/2023 6:30 AM

Package Identity : Microsoft-Windows-LanguageFeatures-Basic-en-us-Package~31bf3856ad364e35~amd64~~10.0.22621.2861
State : Installed
Release Type : OnDemand Pack
Install Time : 12/4/2023 6:30 AM

Package Identity : Microsoft-Windows-LanguageFeatures-Handwriting-en-us-Package~31bf3856ad364e35~amd64~~10.0.22621.2861
State : Installed
Release Type : OnDemand Pack
Install Time : 12/4/2023 6:30 AM

Package Identity : Microsoft-Windows-LanguageFeatures-OCR-en-us-Package~31bf3856ad364e35~amd64~~10.0.22621.2861
State : Installed
Release Type : OnDemand Pack
Install Time : 12/4/2023 6:30 AM

Package Identity : Microsoft-Windows-LanguageFeatures-Speech-en-us-Package~31bf3856ad364e35~amd64~~10.0.22621.2861
State : Installed
Release Type : OnDemand Pack
Install Time : 12/4/2023 6:30 AM

Package Identity : Microsoft-Windows-LanguageFeatures-TextToSpeech-en-us-Package~31bf3856ad364e35~amd64~~10.0.22621.2861
State : Installed
Release Type : OnDemand Pack
Install Time : 12/4/2023 6:30 AM

Package Identity : Microsoft-Windows-MediaPlayer-Package~31bf3856ad364e35~amd64~en-US~10.0.22621.2792
State : Installed
Release Type : OnDemand Pack
Install Time : 12/4/2023 6:31 AM

Package Identity : Microsoft-Windows-MediaPlayer-Package~31bf3856ad364e35~amd64~~10.0.22621.2861
State : Installed
Release Type : OnDemand Pack
Install Time : 12/4/2023 6:30 AM

Package Identity : Microsoft-Windows-MediaPlayer-Package~31bf3856ad364e35~wow64~en-US~10.0.22621.1
State : Installed
Release Type : OnDemand Pack
Install Time : 5/7/2022 7:38 AM

Package Identity : Microsoft-Windows-MediaPlayer-Package~31bf3856ad364e35~wow64~~10.0.22621.2861
State : Installed
Release Type : OnDemand Pack
Install Time : 12/4/2023 6:30 AM

Package Identity : Microsoft-Windows-Notepad-System-FoD-Package~31bf3856ad364e35~amd64~en-US~10.0.22621.1
State : Installed
Release Type : OnDemand Pack
Install Time : 5/7/2022 7:40 AM

Package Identity : Microsoft-Windows-Notepad-System-FoD-Package~31bf3856ad364e35~amd64~~10.0.22621.2861
State : Installed
Release Type : OnDemand Pack
Install Time : 12/4/2023 6:30 AM

Package Identity : Microsoft-Windows-Notepad-System-FoD-Package~31bf3856ad364e35~wow64~en-US~10.0.22621.1
State : Installed
Release Type : OnDemand Pack
Install Time : 5/7/2022 7:40 AM

Package Identity : Microsoft-Windows-Notepad-System-FoD-Package~31bf3856ad364e35~wow64~~10.0.22621.2861
State : Installed
Release Type : OnDemand Pack
Install Time : 12/4/2023 6:30 AM

Package Identity : Microsoft-Windows-PowerShell-ISE-FOD-Package~31bf3856ad364e35~amd64~en-US~10.0.22621.1
State : Installed
Release Type : OnDemand Pack
Install Time : 5/7/2022 7:32 AM

Package Identity : Microsoft-Windows-PowerShell-ISE-FOD-Package~31bf3856ad364e35~amd64~~10.0.22621.2861
State : Installed
Release Type : OnDemand Pack
Install Time : 12/4/2023 6:30 AM

Package Identity : Microsoft-Windows-PowerShell-ISE-FOD-Package~31bf3856ad364e35~wow64~en-US~10.0.22621.1
State : Installed
Release Type : OnDemand Pack
Install Time : 5/7/2022 7:32 AM

Package Identity : Microsoft-Windows-PowerShell-ISE-FOD-Package~31bf3856ad364e35~wow64~~10.0.22621.2861
State : Installed
Release Type : OnDemand Pack
Install Time : 12/4/2023 6:30 AM

Package Identity : Microsoft-Windows-Printing-PMCPPC-FoD-Package~31bf3856ad364e35~amd64~en-US~10.0.22621.1
State : Installed
Release Type : OnDemand Pack
Install Time : 5/7/2022 7:40 AM

Package Identity : Microsoft-Windows-Printing-PMCPPC-FoD-Package~31bf3856ad364e35~amd64~~10.0.22621.2861
State : Installed
Release Type : OnDemand Pack
Install Time : 12/4/2023 6:30 AM

Package Identity : Microsoft-Windows-StepsRecorder-Package~31bf3856ad364e35~amd64~en-US~10.0.22621.1
State : Installed
Release Type : OnDemand Pack
Install Time : 5/7/2022 7:32 AM

Package Identity : Microsoft-Windows-StepsRecorder-Package~31bf3856ad364e35~amd64~~10.0.22621.2861
State : Installed
Release Type : OnDemand Pack
Install Time : 12/4/2023 6:30 AM

Package Identity : Microsoft-Windows-StepsRecorder-Package~31bf3856ad364e35~wow64~en-US~10.0.22621.1
State : Installed
Release Type : OnDemand Pack
Install Time : 5/7/2022 7:32 AM

Package Identity : Microsoft-Windows-StepsRecorder-Package~31bf3856ad364e35~wow64~~10.0.22621.2861
State : Installed
Release Type : OnDemand Pack
Install Time : 12/4/2023 6:30 AM

Package Identity : Microsoft-Windows-TabletPCMath-Package~31bf3856ad364e35~amd64~~10.0.22621.2861
State : Installed
Release Type : OnDemand Pack
Install Time : 12/4/2023 6:30 AM

Package Identity : Microsoft-Windows-Wallpaper-Content-Extended-FoD-Package~31bf3856ad364e35~amd64~~10.0.22621.2861
State : Installed
Release Type : OnDemand Pack
Install Time : 12/4/2023 6:30 AM

Package Identity : Microsoft-Windows-Wifi-Client-Broadcom-Bcmpciedhd63-FOD-Package~31bf3856ad364e35~amd64~~10.0.22621.2861
State : Installed
Release Type : OnDemand Pack
Install Time : 12/4/2023 6:30 AM

Package Identity : Microsoft-Windows-Wifi-Client-Broadcom-Bcmwl63a-FOD-Package~31bf3856ad364e35~amd64~~10.0.22621.2861
State : Installed
Release Type : OnDemand Pack
Install Time : 12/4/2023 6:30 AM

Package Identity : Microsoft-Windows-Wifi-Client-Broadcom-Bcmwl63al-FOD-Package~31bf3856ad364e35~amd64~~10.0.22621.2861
State : Installed
Release Type : OnDemand Pack
Install Time : 12/4/2023 6:30 AM

Package Identity : Microsoft-Windows-Wifi-Client-Intel-Netwbw02-FOD-Package~31bf3856ad364e35~amd64~~10.0.22621.2861
State : Installed
Release Type : OnDemand Pack
Install Time : 12/4/2023 6:30 AM

Package Identity : Microsoft-Windows-Wifi-Client-Intel-Netwew00-FOD-Package~31bf3856ad364e35~amd64~~10.0.22621.2861
State : Installed
Release Type : OnDemand Pack
Install Time : 12/4/2023 6:30 AM

Package Identity : Microsoft-Windows-Wifi-Client-Intel-Netwew01-FOD-Package~31bf3856ad364e35~amd64~~10.0.22621.2861
State : Installed
Release Type : OnDemand Pack
Install Time : 12/4/2023 6:30 AM

Package Identity : Microsoft-Windows-Wifi-Client-Intel-Netwlv64-FOD-Package~31bf3856ad364e35~amd64~~10.0.22621.2861
State : Installed
Release Type : OnDemand Pack
Install Time : 12/4/2023 6:30 AM

Package Identity : Microsoft-Windows-Wifi-Client-Intel-Netwns64-FOD-Package~31bf3856ad364e35~amd64~~10.0.22621.2861
State : Installed
Release Type : OnDemand Pack
Install Time : 12/4/2023 6:30 AM

Package Identity : Microsoft-Windows-Wifi-Client-Intel-Netwsw00-FOD-Package~31bf3856ad364e35~amd64~~10.0.22621.2861
State : Installed
Release Type : OnDemand Pack
Install Time : 12/4/2023 6:30 AM

Package Identity : Microsoft-Windows-Wifi-Client-Intel-Netwtw02-FOD-Package~31bf3856ad364e35~amd64~~10.0.22621.2861
State : Installed
Release Type : OnDemand Pack
Install Time : 12/4/2023 6:30 AM

Package Identity : Microsoft-Windows-Wifi-Client-Intel-Netwtw04-FOD-Package~31bf3856ad364e35~amd64~~10.0.22621.2861
State : Installed
Release Type : OnDemand Pack
Install Time : 12/4/2023 6:30 AM

Package Identity : Microsoft-Windows-Wifi-Client-Intel-Netwtw06-FOD-Package~31bf3856ad364e35~amd64~~10.0.22621.2861
State : Installed
Release Type : OnDemand Pack
Install Time : 12/4/2023 6:30 AM

Package Identity : Microsoft-Windows-Wifi-Client-Intel-Netwtw08-FOD-Package~31bf3856ad364e35~amd64~~10.0.22621.2861
State : Installed
Release Type : OnDemand Pack
Install Time : 12/4/2023 6:30 AM

Package Identity : Microsoft-Windows-Wifi-Client-Intel-Netwtw10-FOD-Package~31bf3856ad364e35~amd64~~10.0.22621.2861
State : Installed
Release Type : OnDemand Pack
Install Time : 12/4/2023 6:30 AM

Package Identity : Microsoft-Windows-Wifi-Client-Marvel-Mrvlpcie8897-FOD-Package~31bf3856ad364e35~amd64~~10.0.22621.2861
State : Installed
Release Type : OnDemand Pack
Install Time : 12/4/2023 6:30 AM

Package Identity : Microsoft-Windows-Wifi-Client-Qualcomm-Athw8x-FOD-Package~31bf3856ad364e35~amd64~~10.0.22621.2861
State : Installed
Release Type : OnDemand Pack
Install Time : 12/4/2023 6:30 AM

Package Identity : Microsoft-Windows-Wifi-Client-Qualcomm-Athwnx-FOD-Package~31bf3856ad364e35~amd64~~10.0.22621.2861
State : Installed
Release Type : OnDemand Pack
Install Time : 12/4/2023 6:30 AM

Package Identity : Microsoft-Windows-Wifi-Client-Qualcomm-Qcamain10x64-FOD-Package~31bf3856ad364e35~amd64~~10.0.22621.2861
State : Installed
Release Type : OnDemand Pack
Install Time : 12/4/2023 6:30 AM

Package Identity : Microsoft-Windows-Wifi-Client-Ralink-Netr28x-FOD-Package~31bf3856ad364e35~amd64~~10.0.22621.2861
State : Installed
Release Type : OnDemand Pack
Install Time : 12/4/2023 6:30 AM

Package Identity : Microsoft-Windows-Wifi-Client-Realtek-Rtl8187se-FOD-Package~31bf3856ad364e35~amd64~~10.0.22621.2861
State : Installed
Release Type : OnDemand Pack
Install Time : 12/4/2023 6:30 AM

Package Identity : Microsoft-Windows-Wifi-Client-Realtek-Rtl8192se-FOD-Package~31bf3856ad364e35~amd64~~10.0.22621.2861
State : Installed
Release Type : OnDemand Pack
Install Time : 12/4/2023 6:30 AM

Package Identity : Microsoft-Windows-Wifi-Client-Realtek-Rtl819xp-FOD-Package~31bf3856ad364e35~amd64~~10.0.22621.2861
State : Installed
Release Type : OnDemand Pack
Install Time : 12/4/2023 6:30 AM

Package Identity : Microsoft-Windows-Wifi-Client-Realtek-Rtl85n64-FOD-Package~31bf3856ad364e35~amd64~~10.0.22621.2861
State : Installed
Release Type : OnDemand Pack
Install Time : 12/4/2023 6:30 AM

Package Identity : Microsoft-Windows-Wifi-Client-Realtek-Rtwlane-FOD-Package~31bf3856ad364e35~amd64~~10.0.22621.2861
State : Installed
Release Type : OnDemand Pack
Install Time : 12/4/2023 6:30 AM

Package Identity : Microsoft-Windows-Wifi-Client-Realtek-Rtwlane01-FOD-Package~31bf3856ad364e35~amd64~~10.0.22621.2861
State : Installed
Release Type : OnDemand Pack
Install Time : 12/4/2023 6:30 AM

Package Identity : Microsoft-Windows-Wifi-Client-Realtek-Rtwlane13-FOD-Package~31bf3856ad364e35~amd64~~10.0.22621.2861
State : Installed
Release Type : OnDemand Pack
Install Time : 12/4/2023 6:30 AM

Package Identity : Microsoft-Windows-WMIC-FoD-Package~31bf3856ad364e35~amd64~en-US~10.0.22621.1
State : Installed
Release Type : OnDemand Pack
Install Time : 5/7/2022 7:32 AM

Package Identity : Microsoft-Windows-WMIC-FoD-Package~31bf3856ad364e35~amd64~~10.0.22621.2861
State : Installed
Release Type : OnDemand Pack
Install Time : 12/4/2023 6:30 AM

Package Identity : Microsoft-Windows-WMIC-FoD-Package~31bf3856ad364e35~wow64~en-US~10.0.22621.1
State : Installed
Release Type : OnDemand Pack
Install Time : 5/7/2022 7:32 AM

Package Identity : Microsoft-Windows-WMIC-FoD-Package~31bf3856ad364e35~wow64~~10.0.22621.2861
State : Installed
Release Type : OnDemand Pack
Install Time : 12/4/2023 6:30 AM

Package Identity : Microsoft-Windows-WordPad-FoD-Package~31bf3856ad364e35~amd64~en-US~10.0.22621.1
State : Installed
Release Type : OnDemand Pack
Install Time : 5/7/2022 7:32 AM

Package Identity : Microsoft-Windows-WordPad-FoD-Package~31bf3856ad364e35~amd64~~10.0.22621.2861
State : Installed
Release Type : OnDemand Pack
Install Time : 12/4/2023 6:30 AM

Package Identity : Microsoft-Windows-WordPad-FoD-Package~31bf3856ad364e35~wow64~en-US~10.0.22621.1
State : Installed
Release Type : OnDemand Pack
Install Time : 5/7/2022 7:32 AM

Package Identity : Microsoft-Windows-WordPad-FoD-Package~31bf3856ad364e35~wow64~~10.0.22621.2861
State : Installed
Release Type : OnDemand Pack
Install Time : 12/4/2023 6:30 AM

Package Identity : OpenSSH-Client-Package~31bf3856ad364e35~amd64~~10.0.22621.2861
State : Installed
Release Type : OnDemand Pack
Install Time : 12/4/2023 6:30 AM

Package Identity : Package_for_DotNetRollup_481~31bf3856ad364e35~amd64~~10.0.9206.1
State : Installed
Release Type : Update
Install Time : 12/4/2023 6:16 AM

Package Identity : Package_for_KB5027397~31bf3856ad364e35~amd64~~22621.2355.1.1
State : Installed
Release Type : Update
Install Time : 12/4/2023 6:15 AM

Package Identity : Package_for_RollupFix~31bf3856ad364e35~amd64~~22621.2861.1.6
State : Installed
Release Type : Security Update
Install Time : 12/4/2023 6:30 AM

Package Identity : Package_for_ServicingStack_2567~31bf3856ad364e35~amd64~~22621.2567.1.1
State : Installed
Release Type : Update
Install Time : 12/4/2023 6:19 AM

The operation completed successfully.