
Deployment Image Servicing and Management tool
Version: 10.0.22621.1

Details for image : d:\sources\install.wim

Index : 1
Name : Windows 11 Home
Description : Windows 11 Home
Size : 18,638,210,474 bytes

Index : 2
Name : Windows 11 Home N
Description : Windows 11 Home N
Size : 17,934,598,356 bytes

Index : 3
Name : Windows 11 Home Single Language
Description : Windows 11 Home Single Language
Size : 18,601,482,575 bytes

Index : 4
Name : Windows 11 Education
Description : Windows 11 Education
Size : 18,903,796,443 bytes

Index : 5
Name : Windows 11 Education N
Description : Windows 11 Education N
Size : 18,240,855,358 bytes

Index : 6
Name : Windows 11 Pro
Description : Windows 11 Pro
Size : 18,936,583,647 bytes

Index : 7
Name : Windows 11 Pro N
Description : Windows 11 Pro N
Size : 18,259,384,849 bytes

Index : 8
Name : Windows 11 Pro Education
Description : Windows 11 Pro Education
Size : 18,903,746,653 bytes

Index : 9
Name : Windows 11 Pro Education N
Description : Windows 11 Pro Education N
Size : 18,240,804,668 bytes

Index : 10
Name : Windows 11 Pro for Workstations
Description : Windows 11 Pro for Workstations
Size : 18,903,771,548 bytes

Index : 11
Name : Windows 11 Pro N for Workstations
Description : Windows 11 Pro N for Workstations
Size : 18,240,830,013 bytes

The operation completed successfully.
